<?xml version="1.0" encoding="UTF-8"?>
<!-- Generated by org.testng.reporters.JUnitReportReporter -->
<testsuite hostname="DESKTOP-4INAUOB" failures="0" tests="1" name="swagtestcases.logintestcase" time="0.527" errors="0" timestamp="2023-02-21T11:57:51 IST" skipped="0">
  <testcase classname="swagtestcases.logintestcase" name="loginuser" time="0.527"/>
  <system-out/>
</testsuite> <!-- swagtestcases.logintestcase -->
