<?xml version="1.0" encoding="UTF-8"?>
<!-- Generated by org.testng.reporters.JUnitReportReporter -->
<testsuite hostname="DESKTOP-4INAUOB" failures="0" tests="1" name="swagtestcases.Orderdisplay" time="0.316" errors="0" timestamp="2023-02-21T11:57:51 IST" skipped="0">
  <testcase classname="swagtestcases.Orderdisplay" name="order" time="0.316"/>
  <system-out/>
</testsuite> <!-- swagtestcases.Orderdisplay -->
