<?xml version="1.0" encoding="UTF-8"?>
<!-- Generated by org.testng.reporters.JUnitReportReporter -->
<testsuite hostname="DESKTOP-4INAUOB" failures="0" tests="1" name="swaglab.utils" time="2.731" errors="0" timestamp="2023-02-10T11:29:34 IST" skipped="0">
  <testcase classname="swaglab.utils" name="lanchapp" time="2.731"/>
  <system-out/>
</testsuite> <!-- swaglab.utils -->
