<?xml version="1.0" encoding="UTF-8"?>
<!-- Generated by org.testng.reporters.JUnitReportReporter -->
<testsuite hostname="DESKTOP-4INAUOB" failures="0" tests="1" name="swagtestcases.addcardtestcase" time="0.531" errors="0" timestamp="2023-02-21T11:57:51 IST" skipped="0">
  <testcase classname="swagtestcases.addcardtestcase" name="addcard" time="0.531"/>
  <system-out/>
</testsuite> <!-- swagtestcases.addcardtestcase -->
