<?xml version="1.0" encoding="UTF-8"?>
<!-- Generated by org.testng.reporters.JUnitReportReporter -->
<testsuite hostname="DESKTOP-4INAUOB" failures="0" tests="1" name="libraries.Buyproduct" time="0.949" errors="0" timestamp="2023-02-21T10:32:06 IST" skipped="0">
  <testcase classname="libraries.Buyproduct" name="billpayment" time="0.949"/>
  <system-out/>
</testsuite> <!-- libraries.Buyproduct -->
